{
 "meta": {
  "format": 3,
  "version": "7.15.0",
  "timestamp": "2026-07-04T19:21:41.504619",
  "branch_coverage": false,
  "show_contexts": false
 },
 "totals": {
  "covered_lines": 6,
  "num_statements": 8,
  "percent_covered": 75.0,
  "percent_covered_display": "75",
  "missing_lines": 2,
  "excluded_lines": 0,
  "percent_statements_covered": 75.0,
  "percent_statements_covered_display": "75"
 },
 "files": {
  "pkg/__init__.py": {
   "executed_lines": [],
   "missing_lines": [],
   "excluded_lines": [],
   "summary": {
    "covered_lines": 0,
    "num_statements": 0,
    "percent_covered": 100.0,
    "percent_covered_display": "100",
    "missing_lines": 0,
    "excluded_lines": 0,
    "percent_statements_covered": 100.0,
    "percent_statements_covered_display": "100"
   }
  },
  "pkg/mathy.py": {
   "executed_lines": [
    1,
    2,
    5,
    6,
    8,
    11
   ],
   "missing_lines": [
    7,
    12
   ],
   "excluded_lines": [],
   "summary": {
    "covered_lines": 6,
    "num_statements": 8,
    "percent_covered": 75.0,
    "percent_covered_display": "75",
    "missing_lines": 2,
    "excluded_lines": 0,
    "percent_statements_covered": 75.0,
    "percent_statements_covered_display": "75"
   }
  }
 }
}
